20:20:45 **** Incremental Build of configuration Debug for project O2C2016Template ****
Info: Internal Builder is used for build
arm-frc-linux-gnueabi-g++ -std=c++1y "-IC:\\Users\\Kett/wpilib/cpp/current/include" "-IC:\\Users\\Kett\\RoboRIO_workspace\\O2C2016Template\\src" -O0 -g3 -Wall -c -fmessage-length=0 -o "src\\ScooperShooter.o" "..\\src\\ScooperShooter.cpp" 
arm-frc-linux-gnueabi-g++ "-LC:\\Users\\Kett/wpilib/cpp/current/lib" -Wl,-rpath,/opt/GenICam_v2_3/bin/Linux_armv7-a,-rpath,/usr/local/frc/rpath-lib -o FRCUserProgram "src\\AutoPilot.o" "src\\Climber.o" "src\\Comms.o" "src\\DriveTrain.o" "src\\Navigator.o" "src\\Robot.o" "src\\ScooperShooter.o" "src\\Sensors.o" -lwpi 
Info: Nothing to build for O2C2016Template
Info: Nothing to build for BNO055INAV2016
20:20:56 **** Incremental Build of configuration Debug for project Brent ****
Info: Internal Builder is used for build
arm-frc-linux-gnueabi-g++ -std=c++1y "-IC:\\Users\\Kett/wpilib/cpp/current/include" "-IC:\\Users\\Kett\\RoboRIO_workspace\\Brent\\src" -O0 -g3 -Wall -c -fmessage-length=0 -o "src\\Navigator.Dev.o" "..\\src\\Navigator.Dev.cpp" 
..\src\Navigator.Dev.cpp: In member function 'void NAVIGATOR::InitMyGyro()':
..\src\Navigator.Dev.cpp:63:44: error: 'initializeMutexRecursive' was not declared in this scope
  gyro_semaphore = initializeMutexRecursive();
                                            ^
..\src\Navigator.Dev.cpp: In member function 'void NAVIGATOR::InitMyAccelerometer()':
..\src\Navigator.Dev.cpp:79:46: error: 'initializeMutexRecursive' was not declared in this scope
   accel_semaphore = initializeMutexRecursive();
                                              ^
..\src\Navigator.Dev.cpp: In member function 'void NAVIGATOR::Init()':
..\src\Navigator.Dev.cpp:101:43: error: 'initializeMutexRecursive' was not declared in this scope
  INS_semaphore = initializeMutexRecursive();
                                           ^
..\src\Navigator.Dev.cpp: In member function 'void NAVIGATOR::OversampleGyro()':
..\src\Navigator.Dev.cpp:118:4: error: 'Synchronized' was not declared in this scope
    Synchronized sync(gyro_semaphore); // we are going to update values referenced by other procedure.
    ^
..\src\Navigator.Dev.cpp: In member function 'void NAVIGATOR::Zero()':
..\src\Navigator.Dev.cpp:177:3: error: 'Synchronized' was not declared in this scope
   Synchronized sync(gyro_semaphore); // we are going to update values referenced by other procedure.
   ^
..\src\Navigator.Dev.cpp: In member function 'void NAVIGATOR::UpdateHeading()':
..\src\Navigator.Dev.cpp:202:32: error: 'CRITICAL_REGION' was not declared in this scope
  CRITICAL_REGION(gyro_semaphore)  // we need to reference values that are updated outside of this procedure
                                ^
..\src\Navigator.Dev.cpp:207:2: error: 'END_REGION' was not declared in this scope
  END_REGION;
  ^
..\src\Navigator.Dev.cpp: In member function 'void NAVIGATOR::Calculate()':
..\src\Navigator.Dev.cpp:228:32: error: 'CRITICAL_REGION' was not declared in this scope
  CRITICAL_REGION(gyro_semaphore)  // we need to reference values that are updated outside of this procedure
                                ^
..\src\Navigator.Dev.cpp:232:2: error: 'END_REGION' was not declared in this scope
  END_REGION;
  ^
..\src\Navigator.Dev.cpp:237:3: error: 'Synchronized' was not declared in this scope
   Synchronized sync(INS_semaphore); // we are going to update values referenced by other procedure.
   ^
..\src\Navigator.Dev.cpp: In member function 'double NAVIGATOR::GetRobotHeading()':
..\src\Navigator.Dev.cpp:258:31: error: 'CRITICAL_REGION' was not declared in this scope
  CRITICAL_REGION(INS_semaphore)  // we need to reference values that are updated outside of this procedure
                               ^
..\src\Navigator.Dev.cpp:262:2: error: 'END_REGION' was not declared in this scope
  END_REGION;
  ^
..\src\Navigator.Dev.cpp:263:2: warning: no return statement in function returning non-void [-Wreturn-type]
  }
  ^
Info: Nothing to build for Example
Info: Nothing to build for IterativeRobotTemplate
Info: Nothing to build for NewNavigator
20:20:58 **** Incremental Build of configuration Debug for project O2C2014BigBall ****
Info: Internal Builder is used for build
arm-frc-linux-gnueabi-g++ -std=c++1y "-IC:\\Users\\Kett/wpilib/cpp/current/include" "-IC:\\Users\\Kett\\RoboRIO_workspace\\O2C2014BigBall\\src" -O0 -g3 -Wall -c -fmessage-length=0 -o "src\\Robot.o" "..\\src\\Robot.cpp" 
..\src\Robot.cpp: In member function 'void ROBOT::AutoInit(INPUT*)':
..\src\Robot.cpp:48:59: error: no matching function for call to 'SmartDashboard::GetNumber(const char [12])'
  TwoBallMode = int(SmartDashboard::GetNumber("TwoBallMode")); // default to 0 if not input
                                                           ^
..\src\Robot.cpp:48:59: note: candidate is:
In file included from ..\src\Definitions.h:5:0,
                 from ..\src\Robot.h:5,
                 from ..\src\Robot.cpp:1:
C:\Users\Kett/wpilib/cpp/current/include/SmartDashboard/SmartDashboard.h:30:17: note: static double SmartDashboard::GetNumber(llvm::StringRef, double)
   static double GetNumber(llvm::StringRef keyName, double defaultValue);
                 ^
C:\Users\Kett/wpilib/cpp/current/include/SmartDashboard/SmartDashboard.h:30:17: note:   candidate expects 2 arguments, 1 provided
..\src\Robot.cpp: In member function 'void ROBOT::TestInit()':
..\src\Robot.cpp:239:59: error: no matching function for call to 'SmartDashboard::GetNumber(const char [12])'
  TwoBallMode = int(SmartDashboard::GetNumber("TwoBallMode")); // default to 0 if not input
                                                           ^
..\src\Robot.cpp:239:59: note: candidate is:
In file included from ..\src\Definitions.h:5:0,
                 from ..\src\Robot.h:5,
                 from ..\src\Robot.cpp:1:
C:\Users\Kett/wpilib/cpp/current/include/SmartDashboard/SmartDashboard.h:30:17: note: static double SmartDashboard::GetNumber(llvm::StringRef, double)
   static double GetNumber(llvm::StringRef keyName, double defaultValue);
                 ^
C:\Users\Kett/wpilib/cpp/current/include/SmartDashboard/SmartDashboard.h:30:17: note:   candidate expects 2 arguments, 1 provided
..\src\Robot.cpp: In member function 'void ROBOT::TestClaw()':
..\src\Robot.cpp:313:52: error: no matching function for call to 'SmartDashboard::GetNumber(const char [10])'
  forktarget = SmartDashboard::GetNumber("ClawState");
                                                    ^
..\src\Robot.cpp:313:52: note: candidate is:
In file included from ..\src\Definitions.h:5:0,
                 from ..\src\Robot.h:5,
                 from ..\src\Robot.cpp:1:
C:\Users\Kett/wpilib/cpp/current/include/SmartDashboard/SmartDashboard.h:30:17: note: static double SmartDashboard::GetNumber(llvm::StringRef, double)
   static double GetNumber(llvm::StringRef keyName, double defaultValue);
                 ^
C:\Users\Kett/wpilib/cpp/current/include/SmartDashboard/SmartDashboard.h:30:17: note:   candidate expects 2 arguments, 1 provided
..\src\Robot.cpp: In member function 'void ROBOT::TestDrive(INPUT*)':
..\src\Robot.cpp:323:52: error: no matching function for call to 'SmartDashboard::GetNumber(const char [7])'
  input->DriveX = SmartDashboard::GetNumber("DriveX");
                                                    ^
..\src\Robot.cpp:323:52: note: candidate is:
In file included from ..\src\Definitions.h:5:0,
                 from ..\src\Robot.h:5,
                 from ..\src\Robot.cpp:1:
C:\Users\Kett/wpilib/cpp/current/include/SmartDashboard/SmartDashboard.h:30:17: note: static double SmartDashboard::GetNumber(llvm::StringRef, double)
   static double GetNumber(llvm::StringRef keyName, double defaultValue);
                 ^
C:\Users\Kett/wpilib/cpp/current/include/SmartDashboard/SmartDashboard.h:30:17: note:   candidate expects 2 arguments, 1 provided
..\src\Robot.cpp:324:52: error: no matching function for call to 'SmartDashboard::GetNumber(const char [7])'
  input->DriveY = SmartDashboard::GetNumber("DriveY");
                                                    ^
..\src\Robot.cpp:324:52: note: candidate is:
In file included from ..\src\Definitions.h:5:0,
                 from ..\src\Robot.h:5,
                 from ..\src\Robot.cpp:1:
C:\Users\Kett/wpilib/cpp/current/include/SmartDashboard/SmartDashboard.h:30:17: note: static double SmartDashboard::GetNumber(llvm::StringRef, double)
   static double GetNumber(llvm::StringRef keyName, double defaultValue);
                 ^
C:\Users\Kett/wpilib/cpp/current/include/SmartDashboard/SmartDashboard.h:30:17: note:   candidate expects 2 arguments, 1 provided
..\src\Robot.cpp:325:52: error: no matching function for call to 'SmartDashboard::GetNumber(const char [7])'
  input->DriveR = SmartDashboard::GetNumber("DriveR");
                                                    ^
..\src\Robot.cpp:325:52: note: candidate is:
In file included from ..\src\Definitions.h:5:0,
                 from ..\src\Robot.h:5,
                 from ..\src\Robot.cpp:1:
C:\Users\Kett/wpilib/cpp/current/include/SmartDashboard/SmartDashboard.h:30:17: note: static double SmartDashboard::GetNumber(llvm::StringRef, double)
   static double GetNumber(llvm::StringRef keyName, double defaultValue);
                 ^
C:\Users\Kett/wpilib/cpp/current/include/SmartDashboard/SmartDashboard.h:30:17: note:   candidate expects 2 arguments, 1 provided
..\src\Robot.cpp: In member function 'void ROBOT::TestFire(INPUT*)':
..\src\Robot.cpp:331:62: error: no matching function for call to 'SmartDashboard::GetBoolean(const char [9])'
  input->fire_catapult = SmartDashboard::GetBoolean("TestFire");
                                                              ^
..\src\Robot.cpp:331:62: note: candidate is:
In file included from ..\src\Definitions.h:5:0,
                 from ..\src\Robot.h:5,
                 from ..\src\Robot.cpp:1:
C:\Users\Kett/wpilib/cpp/current/include/SmartDashboard/SmartDashboard.h:27:15: note: static bool SmartDashboard::GetBoolean(llvm::StringRef, bool)
   static bool GetBoolean(llvm::StringRef keyName, bool defaultValue);
               ^
C:\Users\Kett/wpilib/cpp/current/include/SmartDashboard/SmartDashboard.h:27:15: note:   candidate expects 2 arguments, 1 provided
..\src\Robot.cpp:332:59: error: no matching function for call to 'SmartDashboard::GetBoolean(const char [10])'
  input->catmanual = SmartDashboard::GetBoolean("ManualCat");
                                                           ^
..\src\Robot.cpp:332:59: note: candidate is:
In file included from ..\src\Definitions.h:5:0,
                 from ..\src\Robot.h:5,
                 from ..\src\Robot.cpp:1:
C:\Users\Kett/wpilib/cpp/current/include/SmartDashboard/SmartDashboard.h:27:15: note: static bool SmartDashboard::GetBoolean(llvm::StringRef, bool)
   static bool GetBoolean(llvm::StringRef keyName, bool defaultValue);
               ^
C:\Users\Kett/wpilib/cpp/current/include/SmartDashboard/SmartDashboard.h:27:15: note:   candidate expects 2 arguments, 1 provided
20:20:59 **** Incremental Build of configuration Debug for project O2C2015CommSender ****
Info: Internal Builder is used for build
arm-frc-linux-gnueabi-g++ -std=c++1y "-IC:\\Users\\Kett/wpilib/cpp/current/include" "-IC:\\Users\\Kett\\RoboRIO_workspace\\O2C2015CommSender\\src" -O0 -g3 -Wall -c -fmessage-length=0 -o "src\\Autonomous.o" "..\\src\\Autonomous.cpp" 
In file included from C:\Users\Kett\RoboRIO_workspace\O2C2015CommSender\src/Autonomous.h:11:0,
                 from ..\src\Autonomous.cpp:8:
C:\Users\Kett\RoboRIO_workspace\O2C2015CommSender\src/xDefinitions.h:783:0: warning: "XWHEEL_IN_PER_TICK_FWD" redefined
  #define XWHEEL_IN_PER_TICK_FWD 0.0467 // 19.2 encoder ticks equals 1 inch of travel
 ^
C:\Users\Kett\RoboRIO_workspace\O2C2015CommSender\src/xDefinitions.h:768:0: note: this is the location of the previous definition
  #define XWHEEL_IN_PER_TICK_FWD 0.0518 // 19.2 encoder ticks equals 1 inch of travel
 ^
C:\Users\Kett\RoboRIO_workspace\O2C2015CommSender\src/xDefinitions.h:784:0: warning: "XWHEEL_IN_PER_TICK_REV" redefined
  #define XWHEEL_IN_PER_TICK_REV 0.05222 // 19.8 encoder ticks equals 1 inch of travel (wheel slips less in reversed direction)
 ^
C:\Users\Kett\RoboRIO_workspace\O2C2015CommSender\src/xDefinitions.h:769:0: note: this is the location of the previous definition
  #define XWHEEL_IN_PER_TICK_REV 0.0517 // 19.8 encoder ticks equals 1 inch of travel (wheel slips less in reversed direction)
 ^
C:\Users\Kett\RoboRIO_workspace\O2C2015CommSender\src/xDefinitions.h:785:0: warning: "YWHEEL_IN_PER_TICK_FWD" redefined
  #define YWHEEL_IN_PER_TICK_FWD 0.05215 // 22.1 encoder ticks equals 1 inch of travel
 ^
C:\Users\Kett\RoboRIO_workspace\O2C2015CommSender\src/xDefinitions.h:770:0: note: this is the location of the previous definition
  #define YWHEEL_IN_PER_TICK_FWD 0.0507 // 22.1 encoder ticks equals 1 inch of travel
 ^
C:\Users\Kett\RoboRIO_workspace\O2C2015CommSender\src/xDefinitions.h:786:0: warning: "YWHEEL_IN_PER_TICK_REV" redefined
  #define YWHEEL_IN_PER_TICK_REV 0.05151 // 19.6 encoder ticks equals 1 inch of travel
 ^
C:\Users\Kett\RoboRIO_workspace\O2C2015CommSender\src/xDefinitions.h:771:0: note: this is the location of the previous definition
  #define YWHEEL_IN_PER_TICK_REV 0.05034 // 19.6 encoder ticks equals 1 inch of travel
 ^
C:\Users\Kett\RoboRIO_workspace\O2C2015CommSender\src/xDefinitions.h:787:0: warning: "XWHEEL_ANGLE_OFFSET" redefined
  #define XWHEEL_ANGLE_OFFSET  -3.0  // X wheel is -2 degrees off relative to robot directional reference
 ^
C:\Users\Kett\RoboRIO_workspace\O2C2015CommSender\src/xDefinitions.h:772:0: note: this is the location of the previous definition
  #define XWHEEL_ANGLE_OFFSET  -1   // X wheel is -1 degrees off relative to robot directional reference
 ^
C:\Users\Kett\RoboRIO_workspace\O2C2015CommSender\src/xDefinitions.h:788:0: warning: "YWHEEL_ANGLE_OFFSET" redefined
  #define YWHEEL_ANGLE_OFFSET  -3.0  // Y wheel is -2 degrees off relative to robot directional reference
 ^
C:\Users\Kett\RoboRIO_workspace\O2C2015CommSender\src/xDefinitions.h:773:0: note: this is the location of the previous definition
  #define YWHEEL_ANGLE_OFFSET  -1   // Y wheel is -1 degrees off relative to robot directional reference
 ^
..\src\Autonomous.cpp: In member function 'void AUTONOMOUS::ExecWait4()':
..\src\Autonomous.cpp:412:107: error: no matching function for call to 'SmartDashboard::GetString(const char [19])'
  SmartDashboard::PutString("Autonomous Command", "Wait4_" + SmartDashboard::GetString("Autonomous Command"));
                                                                                                           ^
..\src\Autonomous.cpp:412:107: note: candidate is:
In file included from C:\Users\Kett\RoboRIO_workspace\O2C2015CommSender\src/xDefinitions.h:25:0,
                 from C:\Users\Kett\RoboRIO_workspace\O2C2015CommSender\src/Autonomous.h:11,
                 from ..\src\Autonomous.cpp:8:
C:\Users\Kett/wpilib/cpp/current/include/SmartDashboard/SmartDashboard.h:33:22: note: static std::string SmartDashboard::GetString(llvm::StringRef, llvm::StringRef)
   static std::string GetString(llvm::StringRef keyName,
                      ^
C:\Users\Kett/wpilib/cpp/current/include/SmartDashboard/SmartDashboard.h:33:22: note:   candidate expects 2 arguments, 1 provided
In file included from C:\Users\Kett\RoboRIO_workspace\O2C2015CommSender\src/Autonomous.h:11:0,
                 from ..\src\Autonomous.cpp:8:
C:\Users\Kett\RoboRIO_workspace\O2C2015CommSender\src/xDefinitions.h: At global scope:
C:\Users\Kett\RoboRIO_workspace\O2C2015CommSender\src/xDefinitions.h:238:20: warning: 'TestStateBuffer' defined but not used [-Wunused-variable]
 static StatusValue TestStateBuffer[Buffer_Length] = {
                    ^
20:21:00 **** Incremental Build of configuration Debug for project O2C2015FRC ****
Info: Internal Builder is used for build
arm-frc-linux-gnueabi-g++ -std=c++1y "-IC:\\Users\\Kett/wpilib/cpp/current/include" "-IC:\\Users\\Kett\\RoboRIO_workspace\\O2C2015FRC\\src" -O0 -g3 -Wall -c -fmessage-length=0 -o "src\\Autonomous.o" "..\\src\\Autonomous.cpp" 
..\src\Autonomous.cpp: In member function 'void AUTONOMOUS::ExecWait4()':
..\src\Autonomous.cpp:412:107: error: no matching function for call to 'SmartDashboard::GetString(const char [19])'
  SmartDashboard::PutString("Autonomous Command", "Wait4_" + SmartDashboard::GetString("Autonomous Command"));
                                                                                                           ^
..\src\Autonomous.cpp:412:107: note: candidate is:
In file included from C:\Users\Kett\RoboRIO_workspace\O2C2015FRC\src/Definitions.h:25:0,
                 from C:\Users\Kett\RoboRIO_workspace\O2C2015FRC\src/Autonomous.h:11,
                 from ..\src\Autonomous.cpp:8:
C:\Users\Kett/wpilib/cpp/current/include/SmartDashboard/SmartDashboard.h:33:22: note: static std::string SmartDashboard::GetString(llvm::StringRef, llvm::StringRef)
   static std::string GetString(llvm::StringRef keyName,
                      ^
C:\Users\Kett/wpilib/cpp/current/include/SmartDashboard/SmartDashboard.h:33:22: note:   candidate expects 2 arguments, 1 provided
20:21:01 **** Incremental Build of configuration Debug for project O2C2015FRC-orig ****
Info: Internal Builder is used for build
arm-frc-linux-gnueabi-g++ -std=c++1y "-IC:\\Users\\Kett/wpilib/cpp/current/include" "-IC:\\Users\\Kett\\RoboRIO_workspace\\O2C2015FRC-orig\\src" -O0 -g3 -Wall -c -fmessage-length=0 -o "src\\xNavigator.o" "..\\src\\xNavigator.cpp" 
..\src\xNavigator.cpp: In member function 'void NAVIGATOR::Init(RobotStateBuffer*, INPUT*)':
..\src\xNavigator.cpp:403:43: error: 'initializeMutexRecursive' was not declared in this scope
  INS_semaphore = initializeMutexRecursive();
                                           ^
..\src\xNavigator.cpp: In member function 'void NAVIGATOR::Push_Navigation_Data_Frame(double, double, double, double, double, double, double, double, double)':
..\src\xNavigator.cpp:788:31: error: 'CRITICAL_REGION' was not declared in this scope
  CRITICAL_REGION(INS_semaphore)  // we need to reference values that are updated outside of this procedure
                               ^
..\src\xNavigator.cpp:792:2: error: 'END_REGION' was not declared in this scope
  END_REGION;
  ^
..\src\xNavigator.cpp:805:4: error: 'Synchronized' was not declared in this scope
    Synchronized sync(INS_semaphore); // we are going to update values referenced by other procedure.
    ^
..\src\xNavigator.cpp:818:4: error: 'Synchronized' was not declared in this scope
    Synchronized sync(INS_semaphore); // we are going to update values referenced by other procedure.
    ^
..\src\xNavigator.cpp: In member function 'void NAVIGATOR::Zero()':
..\src\xNavigator.cpp:923:3: error: 'Synchronized' was not declared in this scope
   Synchronized sync(INS_semaphore); // we are going to update values referenced by other procedure.
   ^
..\src\xNavigator.cpp: In member function 'bool NAVIGATOR::Pop_Navigation_Data_Frame()':
..\src\xNavigator.cpp:948:31: error: 'CRITICAL_REGION' was not declared in this scope
  CRITICAL_REGION(INS_semaphore)  // we need to reference values that are updated outside of this procedure
                               ^
..\src\xNavigator.cpp:952:2: error: 'END_REGION' was not declared in this scope
  END_REGION;
  ^
..\src\xNavigator.cpp:956:3: error: 'Synchronized' was not declared in this scope
   Synchronized sync(INS_semaphore); // we are going to update values referenced by other procedure.
   ^
..\src\xNavigator.cpp:970:3: error: 'Synchronized' was not declared in this scope
   Synchronized sync(INS_semaphore); // we are going to update values referenced by other procedure.
   ^
In file included from C:\Users\Kett\RoboRIO_workspace\O2C2015FRC-orig\src/Navigator.h:5:0,
                 from ..\src\xNavigator.cpp:1:
C:\Users\Kett\RoboRIO_workspace\O2C2015FRC-orig\src/Definitions.h: At global scope:
C:\Users\Kett\RoboRIO_workspace\O2C2015FRC-orig\src/Definitions.h:165:5: warning: 'pMyFieldState' defined but not used [-Wunused-variable]
  } *pMyFieldState;
     ^
Info: Nothing to build for O2C2015FRCRockRiver
20:21:03 **** Incremental Build of configuration Debug for project O2C2015FRCStemFest ****
Info: Internal Builder is used for build
arm-frc-linux-gnueabi-g++ -std=c++1y "-IC:\\Users\\Kett/wpilib/cpp/current/include" "-IC:\\Users\\Kett\\RoboRIO_workspace\\O2C2015FRCStemFest\\src" -O0 -g3 -Wall -c -fmessage-length=0 -o "src\\Autonomous.o" "..\\src\\Autonomous.cpp" 
..\src\Autonomous.cpp: In member function 'void AUTONOMOUS::ExecWait4()':
..\src\Autonomous.cpp:402:107: error: no matching function for call to 'SmartDashboard::GetString(const char [19])'
  SmartDashboard::PutString("Autonomous Command", "Wait4_" + SmartDashboard::GetString("Autonomous Command"));
                                                                                                           ^
..\src\Autonomous.cpp:402:107: note: candidate is:
In file included from C:\Users\Kett\RoboRIO_workspace\O2C2015FRCStemFest\src/Definitions.h:32:0,
                 from C:\Users\Kett\RoboRIO_workspace\O2C2015FRCStemFest\src/Autonomous.h:11,
                 from ..\src\Autonomous.cpp:8:
C:\Users\Kett/wpilib/cpp/current/include/SmartDashboard/SmartDashboard.h:33:22: note: static std::string SmartDashboard::GetString(llvm::StringRef, llvm::StringRef)
   static std::string GetString(llvm::StringRef keyName,
                      ^
C:\Users\Kett/wpilib/cpp/current/include/SmartDashboard/SmartDashboard.h:33:22: note:   candidate expects 2 arguments, 1 provided
20:21:04 **** Incremental Build of configuration Debug for project O2C2015FRCStemFestAuto ****
Info: Internal Builder is used for build
arm-frc-linux-gnueabi-g++ -std=c++1y "-IC:\\Users\\Kett/wpilib/cpp/current/include" "-IC:\\Users\\Kett\\RoboRIO_workspace\\O2C2015FRCStemFestAuto\\src" -O0 -g3 -Wall -c -fmessage-length=0 -o "src\\ToteLift.o" "..\\src\\ToteLift.cpp" 
arm-frc-linux-gnueabi-g++ -std=c++1y "-IC:\\Users\\Kett/wpilib/cpp/current/include" "-IC:\\Users\\Kett\\RoboRIO_workspace\\O2C2015FRCStemFestAuto\\src" -O0 -g3 -Wall -c -fmessage-length=0 -o "src\\Navigator.o" "..\\src\\Navigator.cpp" 
..\src\Navigator.cpp: In member function 'void NAVIGATOR::Init(RobotStateBuffer*, INPUT*)':
..\src\Navigator.cpp:403:43: error: 'initializeMutexRecursive' was not declared in this scope
  INS_semaphore = initializeMutexRecursive();
                                           ^
..\src\Navigator.cpp: In member function 'void NAVIGATOR::Push_Navigation_Data_Frame(double, double, double, double, double, double, double, double, double)':
..\src\Navigator.cpp:788:31: error: 'CRITICAL_REGION' was not declared in this scope
  CRITICAL_REGION(INS_semaphore)  // we need to reference values that are updated outside of this procedure
                               ^
..\src\Navigator.cpp:792:2: error: 'END_REGION' was not declared in this scope
  END_REGION;
  ^
..\src\Navigator.cpp:805:4: error: 'Synchronized' was not declared in this scope
    Synchronized sync(INS_semaphore); // we are going to update values referenced by other procedure.
    ^
..\src\Navigator.cpp:818:4: error: 'Synchronized' was not declared in this scope
    Synchronized sync(INS_semaphore); // we are going to update values referenced by other procedure.
    ^
..\src\Navigator.cpp: In member function 'void NAVIGATOR::Zero()':
..\src\Navigator.cpp:923:3: error: 'Synchronized' was not declared in this scope
   Synchronized sync(INS_semaphore); // we are going to update values referenced by other procedure.
   ^
..\src\Navigator.cpp: In member function 'bool NAVIGATOR::Pop_Navigation_Data_Frame()':
..\src\Navigator.cpp:948:31: error: 'CRITICAL_REGION' was not declared in this scope
  CRITICAL_REGION(INS_semaphore)  // we need to reference values that are updated outside of this procedure
                               ^
..\src\Navigator.cpp:952:2: error: 'END_REGION' was not declared in this scope
  END_REGION;
  ^
..\src\Navigator.cpp:956:3: error: 'Synchronized' was not declared in this scope
   Synchronized sync(INS_semaphore); // we are going to update values referenced by other procedure.
   ^
..\src\Navigator.cpp:970:3: error: 'Synchronized' was not declared in this scope
   Synchronized sync(INS_semaphore); // we are going to update values referenced by other procedure.
   ^
Info: Nothing to build for O2C2016Template
Info: Nothing to build for Simple Vision
Info: Nothing to build for TK1
Info: Nothing to build for Testing Bed
20:21:07 **** Incremental Build of configuration Debug for project ThunderKiwi ****
Info: Internal Builder is used for build
arm-frc-linux-gnueabi-g++ -std=c++1y "-IC:\\Users\\Kett/wpilib/cpp/current/include" "-IC:\\Users\\Kett\\RoboRIO_workspace\\ThunderKiwi\\src" -O0 -g3 -Wall -c -fmessage-length=0 -o "src\\Navigator.o" "..\\src\\Navigator.cpp" 
..\src\Navigator.cpp: In member function 'void NAVIGATOR::Init(RobotStateBuffer*)':
..\src\Navigator.cpp:136:43: error: 'initializeMutexRecursive' was not declared in this scope
  INS_semaphore = initializeMutexRecursive();
                                           ^
..\src\Navigator.cpp: In member function 'int NAVIGATOR::ReadGyro()':
..\src\Navigator.cpp:152:68: error: no matching function for call to 'AnalogInput::GetAccumulatorOutput(long long int*, uint*)'
  MyGyro->GetAccumulatorOutput(&accumulator, &gyro_accumulator_count);
                                                                    ^
..\src\Navigator.cpp:152:68: note: candidate is:
In file included from C:\Users\Kett/wpilib/cpp/current/include/AnalogAccelerometer.h:10:0,
                 from C:\Users\Kett/wpilib/cpp/current/include/WPILib.h:19,
                 from C:\Users\Kett\RoboRIO_workspace\ThunderKiwi\src/Navigator.h:11,
                 from ..\src\Navigator.cpp:1:
C:\Users\Kett/wpilib/cpp/current/include/AnalogInput.h:67:8: note: void AnalogInput::GetAccumulatorOutput(int64_t&, uint32_t&) const
   void GetAccumulatorOutput(int64_t &value, uint32_t &count) const;
        ^
C:\Users\Kett/wpilib/cpp/current/include/AnalogInput.h:67:8: note:   no known conversion for argument 1 from 'long long int*' to 'int64_t& {aka long long int&}'
..\src\Navigator.cpp: In member function 'void NAVIGATOR::Push_Navigation_Data_Frame(double, double, int, int, int)':
..\src\Navigator.cpp:206:31: error: 'CRITICAL_REGION' was not declared in this scope
  CRITICAL_REGION(INS_semaphore)  // we need to reference values that are updated outside of this procedure
                               ^
..\src\Navigator.cpp:210:2: error: 'END_REGION' was not declared in this scope
  END_REGION;
  ^
..\src\Navigator.cpp:222:4: error: 'Synchronized' was not declared in this scope
    Synchronized sync(INS_semaphore); // we are going to update values referenced by other procedure.
    ^
..\src\Navigator.cpp:231:4: error: 'Synchronized' was not declared in this scope
    Synchronized sync(INS_semaphore); // we are going to update values referenced by other procedure.
    ^
..\src\Navigator.cpp: In member function 'void NAVIGATOR::Zero()':
..\src\Navigator.cpp:270:3: error: 'Synchronized' was not declared in this scope
   Synchronized sync(INS_semaphore); // we are going to update values referenced by other procedure.
   ^
..\src\Navigator.cpp: In member function 'bool NAVIGATOR::Pop_Navigation_Data_Frame()':
..\src\Navigator.cpp:294:31: error: 'CRITICAL_REGION' was not declared in this scope
  CRITICAL_REGION(INS_semaphore)  // we need to reference values that are updated outside of this procedure
                               ^
..\src\Navigator.cpp:298:2: error: 'END_REGION' was not declared in this scope
  END_REGION;
  ^
..\src\Navigator.cpp:302:3: error: 'Synchronized' was not declared in this scope
   Synchronized sync(INS_semaphore); // we are going to update values referenced by other procedure.
   ^
..\src\Navigator.cpp:311:3: error: 'Synchronized' was not declared in this scope
   Synchronized sync(INS_semaphore); // we are going to update values referenced by other procedure.
   ^
